<?xml version="1.0" encoding="UTF-8"?>
<testng-results ignored="0" total="15" passed="15" failed="0" skipped="0">
  <reporter-output>
  </reporter-output>
  <suite started-at="2024-05-16T13:36:06 IST" name="Suite" finished-at="2024-05-16T13:43:27 IST" duration-ms="440829">
    <groups>
    </groups>
    <test started-at="2024-05-16T13:36:06 IST" name="Test" finished-at="2024-05-16T13:43:27 IST" duration-ms="440829">
      <class name="project1.TestCase4">
        <test-method is-config="true" signature="launch()[pri:0, instance:project1.TestCase4@6d4d66d2]" started-at="2024-05-16T13:36:46 IST" name="launch" finished-at="2024-05-16T13:36:56 IST" duration-ms="10241" status="PASS">
          <reporter-output>
          </reporter-output>
        </test-method> <!-- launch -->
        <test-method signature="editprofile()[pri:0, instance:project1.TestCase4@6d4d66d2]" started-at="2024-05-16T13:36:56 IST" name="editprofile" finished-at="2024-05-16T13:37:15 IST" duration-ms="19465" status="PASS">
          <reporter-output>
          </reporter-output>
        </test-method> <!-- editprofile -->
        <test-method is-config="true" signature="quit()[pri:0, instance:project1.TestCase4@6d4d66d2]" started-at="2024-05-16T13:37:15 IST" name="quit" finished-at="2024-05-16T13:37:21 IST" duration-ms="5492" status="PASS">
          <reporter-output>
          </reporter-output>
        </test-method> <!-- quit -->
      </class> <!-- project1.TestCase4 -->
      <class name="project1.TestCase5">
        <test-method is-config="true" signature="launch()[pri:0, instance:project1.TestCase5@2a265ea9]" started-at="2024-05-16T13:37:21 IST" name="launch" finished-at="2024-05-16T13:37:25 IST" duration-ms="3964" status="PASS">
          <reporter-output>
          </reporter-output>
        </test-method> <!-- launch -->
        <test-method signature="search()[pri:0, instance:project1.TestCase5@2a265ea9]" started-at="2024-05-16T13:37:25 IST" name="search" finished-at="2024-05-16T13:37:28 IST" duration-ms="3455" status="PASS">
          <reporter-output>
          </reporter-output>
        </test-method> <!-- search -->
        <test-method is-config="true" signature="quit()[pri:0, instance:project1.TestCase5@2a265ea9]" started-at="2024-05-16T13:37:28 IST" name="quit" finished-at="2024-05-16T13:37:34 IST" duration-ms="5494" status="PASS">
          <reporter-output>
          </reporter-output>
        </test-method> <!-- quit -->
      </class> <!-- project1.TestCase5 -->
      <class name="project1.TestCase6">
        <test-method is-config="true" signature="launch()[pri:0, instance:project1.TestCase6@2e8c1c9b]" started-at="2024-05-16T13:39:18 IST" name="launch" finished-at="2024-05-16T13:39:42 IST" duration-ms="23752" status="PASS">
          <reporter-output>
          </reporter-output>
        </test-method> <!-- launch -->
        <test-method signature="search_by_filter()[pri:0, instance:project1.TestCase6@2e8c1c9b]" started-at="2024-05-16T13:39:42 IST" name="search_by_filter" finished-at="2024-05-16T13:39:59 IST" duration-ms="16692" status="PASS">
          <reporter-output>
          </reporter-output>
        </test-method> <!-- search_by_filter -->
        <test-method is-config="true" signature="quit()[pri:0, instance:project1.TestCase6@2e8c1c9b]" started-at="2024-05-16T13:39:59 IST" name="quit" finished-at="2024-05-16T13:40:04 IST" duration-ms="5464" status="PASS">
          <reporter-output>
          </reporter-output>
        </test-method> <!-- quit -->
      </class> <!-- project1.TestCase6 -->
      <class name="project1.TestCase7">
        <test-method is-config="true" signature="launch()[pri:0, instance:project1.TestCase7@53fe15ff]" started-at="2024-05-16T13:40:04 IST" name="launch" finished-at="2024-05-16T13:40:12 IST" duration-ms="7198" status="PASS">
          <reporter-output>
          </reporter-output>
        </test-method> <!-- launch -->
        <test-method signature="productdetailspage()[pri:0, instance:project1.TestCase7@53fe15ff]" started-at="2024-05-16T13:40:12 IST" name="productdetailspage" finished-at="2024-05-16T13:40:14 IST" duration-ms="2510" status="PASS">
          <reporter-output>
          </reporter-output>
        </test-method> <!-- productdetailspage -->
        <test-method is-config="true" signature="quit()[pri:0, instance:project1.TestCase7@53fe15ff]" started-at="2024-05-16T13:40:14 IST" name="quit" finished-at="2024-05-16T13:40:20 IST" duration-ms="5493" status="PASS">
          <reporter-output>
          </reporter-output>
        </test-method> <!-- quit -->
      </class> <!-- project1.TestCase7 -->
      <class name="project1.TestCase1">
        <test-method is-config="true" signature="launch()[pri:0, instance:project1.TestCase1@5e600dd5]" started-at="2024-05-16T13:36:06 IST" name="launch" finished-at="2024-05-16T13:36:34 IST" duration-ms="27497" status="PASS">
          <reporter-output>
          </reporter-output>
        </test-method> <!-- launch -->
        <test-method signature="registration()[pri:0, instance:project1.TestCase1@5e600dd5]" started-at="2024-05-16T13:36:34 IST" name="registration" finished-at="2024-05-16T13:36:40 IST" duration-ms="6617" status="PASS">
          <reporter-output>
          </reporter-output>
        </test-method> <!-- registration -->
        <test-method is-config="true" signature="quit()[pri:0, instance:project1.TestCase1@5e600dd5]" started-at="2024-05-16T13:36:40 IST" name="quit" finished-at="2024-05-16T13:36:46 IST" duration-ms="5386" status="PASS">
          <reporter-output>
          </reporter-output>
        </test-method> <!-- quit -->
      </class> <!-- project1.TestCase1 -->
      <class name="project1.TestCase2">
        <test-method is-config="true" signature="launch()[pri:0, instance:project1.TestCase2@11392934]" started-at="2024-05-16T13:37:34 IST" name="launch" finished-at="2024-05-16T13:37:39 IST" duration-ms="5052" status="PASS">
          <reporter-output>
          </reporter-output>
        </test-method> <!-- launch -->
        <test-method signature="login()[pri:0, instance:project1.TestCase2@11392934]" started-at="2024-05-16T13:37:39 IST" name="login" finished-at="2024-05-16T13:37:45 IST" duration-ms="6363" status="PASS">
          <reporter-output>
          </reporter-output>
        </test-method> <!-- login -->
        <test-method is-config="true" signature="quit()[pri:0, instance:project1.TestCase2@11392934]" started-at="2024-05-16T13:37:45 IST" name="quit" finished-at="2024-05-16T13:37:51 IST" duration-ms="5790" status="PASS">
          <reporter-output>
          </reporter-output>
        </test-method> <!-- quit -->
      </class> <!-- project1.TestCase2 -->
      <class name="project1.TestCase10">
        <test-method is-config="true" signature="launch()[pri:0, instance:project1.TestCase10@449a4f23]" started-at="2024-05-16T13:40:20 IST" name="launch" finished-at="2024-05-16T13:40:28 IST" duration-ms="8068" status="PASS">
          <reporter-output>
          </reporter-output>
        </test-method> <!-- launch -->
        <test-method signature="updateandremovecart()[pri:0, instance:project1.TestCase10@449a4f23]" started-at="2024-05-16T13:40:28 IST" name="updateandremovecart" finished-at="2024-05-16T13:40:46 IST" duration-ms="18686" status="PASS">
          <reporter-output>
          </reporter-output>
        </test-method> <!-- updateandremovecart -->
        <test-method is-config="true" signature="quit()[pri:0, instance:project1.TestCase10@449a4f23]" started-at="2024-05-16T13:40:46 IST" name="quit" finished-at="2024-05-16T13:40:52 IST" duration-ms="5379" status="PASS">
          <reporter-output>
          </reporter-output>
        </test-method> <!-- quit -->
      </class> <!-- project1.TestCase10 -->
      <class name="project1.TestCase3">
        <test-method is-config="true" signature="launch()[pri:0, instance:project1.TestCase3@6892b3b6]" started-at="2024-05-16T13:37:51 IST" name="launch" finished-at="2024-05-16T13:37:58 IST" duration-ms="7038" status="PASS">
          <reporter-output>
          </reporter-output>
        </test-method> <!-- launch -->
        <test-method signature="invalid_credentials()[pri:0, instance:project1.TestCase3@6892b3b6]" started-at="2024-05-16T13:37:58 IST" name="invalid_credentials" finished-at="2024-05-16T13:38:01 IST" duration-ms="3309" status="PASS">
          <reporter-output>
          </reporter-output>
        </test-method> <!-- invalid_credentials -->
        <test-method is-config="true" signature="quit()[pri:0, instance:project1.TestCase3@6892b3b6]" started-at="2024-05-16T13:38:01 IST" name="quit" finished-at="2024-05-16T13:38:10 IST" duration-ms="8673" status="PASS">
          <reporter-output>
          </reporter-output>
        </test-method> <!-- quit -->
      </class> <!-- project1.TestCase3 -->
      <class name="project1.TestCase11">
        <test-method is-config="true" signature="launch()[pri:0, instance:project1.TestCase11@1530c739]" started-at="2024-05-16T13:40:52 IST" name="launch" finished-at="2024-05-16T13:40:57 IST" duration-ms="5650" status="PASS">
          <reporter-output>
          </reporter-output>
        </test-method> <!-- launch -->
        <test-method signature="validate_checkout()[pri:0, instance:project1.TestCase11@1530c739]" started-at="2024-05-16T13:40:57 IST" name="validate_checkout" finished-at="2024-05-16T13:41:26 IST" duration-ms="28827" status="PASS">
          <reporter-output>
          </reporter-output>
        </test-method> <!-- validate_checkout -->
        <test-method is-config="true" signature="quit()[pri:0, instance:project1.TestCase11@1530c739]" started-at="2024-05-16T13:41:26 IST" name="quit" finished-at="2024-05-16T13:41:32 IST" duration-ms="5421" status="PASS">
          <reporter-output>
          </reporter-output>
        </test-method> <!-- quit -->
      </class> <!-- project1.TestCase11 -->
      <class name="project1.TestCase12">
        <test-method is-config="true" signature="launch()[pri:0, instance:project1.TestCase12@5b1669c0]" started-at="2024-05-16T13:41:32 IST" name="launch" finished-at="2024-05-16T13:41:38 IST" duration-ms="6853" status="PASS">
          <reporter-output>
          </reporter-output>
        </test-method> <!-- launch -->
        <test-method signature="selectpaymentmethod()[pri:0, instance:project1.TestCase12@5b1669c0]" started-at="2024-05-16T13:41:38 IST" name="selectpaymentmethod" finished-at="2024-05-16T13:42:03 IST" duration-ms="24930" status="PASS">
          <reporter-output>
          </reporter-output>
        </test-method> <!-- selectpaymentmethod -->
        <test-method is-config="true" signature="quit()[pri:0, instance:project1.TestCase12@5b1669c0]" started-at="2024-05-16T13:42:03 IST" name="quit" finished-at="2024-05-16T13:42:09 IST" duration-ms="5419" status="PASS">
          <reporter-output>
          </reporter-output>
        </test-method> <!-- quit -->
      </class> <!-- project1.TestCase12 -->
      <class name="project1.TestCase13">
        <test-method is-config="true" signature="launch()[pri:0, instance:project1.TestCase13@78e4deb0]" started-at="2024-05-16T13:42:09 IST" name="launch" finished-at="2024-05-16T13:42:15 IST" duration-ms="5864" status="PASS">
          <reporter-output>
          </reporter-output>
        </test-method> <!-- launch -->
        <test-method signature="cuponcode()[pri:0, instance:project1.TestCase13@78e4deb0]" started-at="2024-05-16T13:42:15 IST" name="cuponcode" finished-at="2024-05-16T13:42:42 IST" duration-ms="27727" status="PASS">
          <reporter-output>
          </reporter-output>
        </test-method> <!-- cuponcode -->
        <test-method is-config="true" signature="quit()[pri:0, instance:project1.TestCase13@78e4deb0]" started-at="2024-05-16T13:42:42 IST" name="quit" finished-at="2024-05-16T13:42:48 IST" duration-ms="5464" status="PASS">
          <reporter-output>
          </reporter-output>
        </test-method> <!-- quit -->
      </class> <!-- project1.TestCase13 -->
      <class name="project1.TestCase14">
        <test-method is-config="true" signature="launch()[pri:0, instance:project1.TestCase14@6e9175d8]" started-at="2024-05-16T13:42:48 IST" name="launch" finished-at="2024-05-16T13:42:52 IST" duration-ms="3812" status="PASS">
          <reporter-output>
          </reporter-output>
        </test-method> <!-- launch -->
        <test-method signature="productreview()[pri:0, instance:project1.TestCase14@6e9175d8]" started-at="2024-05-16T13:42:52 IST" name="productreview" finished-at="2024-05-16T13:43:01 IST" duration-ms="9786" status="PASS">
          <reporter-output>
          </reporter-output>
        </test-method> <!-- productreview -->
        <test-method is-config="true" signature="quit()[pri:0, instance:project1.TestCase14@6e9175d8]" started-at="2024-05-16T13:43:01 IST" name="quit" finished-at="2024-05-16T13:43:07 IST" duration-ms="5516" status="PASS">
          <reporter-output>
          </reporter-output>
        </test-method> <!-- quit -->
      </class> <!-- project1.TestCase14 -->
      <class name="project1.TestCase15">
        <test-method is-config="true" signature="launch()[pri:0, instance:project1.TestCase15@7d0b7e3c]" started-at="2024-05-16T13:43:07 IST" name="launch" finished-at="2024-05-16T13:43:13 IST" duration-ms="5758" status="PASS">
          <reporter-output>
          </reporter-output>
        </test-method> <!-- launch -->
        <test-method signature="cartpagewithoutlogin()[pri:0, instance:project1.TestCase15@7d0b7e3c]" started-at="2024-05-16T13:43:13 IST" name="cartpagewithoutlogin" finished-at="2024-05-16T13:43:22 IST" duration-ms="8749" status="PASS">
          <reporter-output>
          </reporter-output>
        </test-method> <!-- cartpagewithoutlogin -->
        <test-method is-config="true" signature="quit()[pri:0, instance:project1.TestCase15@7d0b7e3c]" started-at="2024-05-16T13:43:22 IST" name="quit" finished-at="2024-05-16T13:43:27 IST" duration-ms="5375" status="PASS">
          <reporter-output>
          </reporter-output>
        </test-method> <!-- quit -->
      </class> <!-- project1.TestCase15 -->
      <class name="project1.TestCase8">
        <test-method is-config="true" signature="launch()[pri:0, instance:project1.TestCase8@6e6f2380]" started-at="2024-05-16T13:38:10 IST" name="launch" finished-at="2024-05-16T13:38:14 IST" duration-ms="3856" status="PASS">
          <reporter-output>
          </reporter-output>
        </test-method> <!-- launch -->
        <test-method signature="filterproduct()[pri:0, instance:project1.TestCase8@6e6f2380]" started-at="2024-05-16T13:38:14 IST" name="filterproduct" finished-at="2024-05-16T13:38:38 IST" duration-ms="24257" status="PASS">
          <reporter-output>
          </reporter-output>
        </test-method> <!-- filterproduct -->
        <test-method is-config="true" signature="quit()[pri:0, instance:project1.TestCase8@6e6f2380]" started-at="2024-05-16T13:38:38 IST" name="quit" finished-at="2024-05-16T13:38:44 IST" duration-ms="5526" status="PASS">
          <reporter-output>
          </reporter-output>
        </test-method> <!-- quit -->
      </class> <!-- project1.TestCase8 -->
      <class name="project1.TestCase9">
        <test-method is-config="true" signature="launch()[pri:0, instance:project1.TestCase9@76a4ebf2]" started-at="2024-05-16T13:38:44 IST" name="launch" finished-at="2024-05-16T13:38:48 IST" duration-ms="4589" status="PASS">
          <reporter-output>
          </reporter-output>
        </test-method> <!-- launch -->
        <test-method signature="addtoshoppingcart()[pri:0, instance:project1.TestCase9@76a4ebf2]" started-at="2024-05-16T13:38:48 IST" name="addtoshoppingcart" finished-at="2024-05-16T13:39:13 IST" duration-ms="24940" status="PASS">
          <reporter-output>
          </reporter-output>
        </test-method> <!-- addtoshoppingcart -->
        <test-method is-config="true" signature="quit()[pri:0, instance:project1.TestCase9@76a4ebf2]" started-at="2024-05-16T13:39:13 IST" name="quit" finished-at="2024-05-16T13:39:18 IST" duration-ms="5282" status="PASS">
          <reporter-output>
          </reporter-output>
        </test-method> <!-- quit -->
      </class> <!-- project1.TestCase9 -->
    </test> <!-- Test -->
  </suite> <!-- Suite -->
</testng-results>
