<?xml version="1.0" encoding="UTF-8"?>
<!-- Generated by org.testng.reporters.JUnitXMLReporter -->
<testsuite ignored="0" hostname="LAPTOP-OGVRQQUP" failures="0" tests="15" name="Test" time="440.829" errors="0" timestamp="2024-05-16T13:43:27 IST">
  <testcase classname="project1.TestCase1" name="registration" time="6.617"/>
  <testcase classname="project1.TestCase4" name="editprofile" time="19.465"/>
  <testcase classname="project1.TestCase5" name="search" time="3.455"/>
  <testcase classname="project1.TestCase2" name="login" time="6.363"/>
  <testcase classname="project1.TestCase3" name="invalid_credentials" time="3.309"/>
  <testcase classname="project1.TestCase8" name="filterproduct" time="24.257"/>
  <testcase classname="project1.TestCase9" name="addtoshoppingcart" time="24.94"/>
  <testcase classname="project1.TestCase6" name="search_by_filter" time="16.692"/>
  <testcase classname="project1.TestCase7" name="productdetailspage" time="2.51"/>
  <testcase classname="project1.TestCase10" name="updateandremovecart" time="18.686"/>
  <testcase classname="project1.TestCase11" name="validate_checkout" time="28.827"/>
  <testcase classname="project1.TestCase12" name="selectpaymentmethod" time="24.93"/>
  <testcase classname="project1.TestCase13" name="cuponcode" time="27.727"/>
  <testcase classname="project1.TestCase14" name="productreview" time="9.786"/>
  <testcase classname="project1.TestCase15" name="cartpagewithoutlogin" time="8.749"/>
</testsuite> <!-- Test -->
